<?xml version="1.0" encoding="UTF-8"?>
<!-- Generated by org.testng.reporters.JUnitXMLReporter -->
<testsuite ignored="0" hostname="DESKTOP-VIKRANTH" failures="0" tests="2" name="Test" time="0.074" errors="0" timestamp="2022-02-13T23:49:40 IST">
  <testcase classname="com.org.orageHrm.test.LoginPageTest" name="@BeforeClass initialSetup" time="-1.644776380552E9">
    <failure type="org.testng.TestNGException" message="
Parameter &amp;apos;browser&amp;apos; is required by BeforeClass on method initialSetup but has not been marked @Optional or defined
in D:\AutomationFW-BT\orangehrmdemo\testng1.xml">
      <![CDATA[org.testng.TestNGException: 
Parameter 'browser' is required by BeforeClass on method initialSetup but has not been marked @Optional or defined
in D:\AutomationFW-BT\orangehrmdemo\testng1.xml
at java.base/java.util.ArrayList.forEach(ArrayList.java:1511)
... Removed 22 stack frames]]>
    </failure>
  </testcase> <!-- @BeforeClass initialSetup -->
  <testcase classname="com.org.orageHrm.test.LoginPageTest" name="@BeforeMethod launchApplication" time="-1.644776380578E9">
    <skipped/>
  </testcase> <!-- @BeforeMethod launchApplication -->
  <testcase classname="com.org.orageHrm.test.LoginPageTest" name="@AfterMethod getStatus" time="-1.644776380588E9">
    <skipped/>
  </testcase> <!-- @AfterMethod getStatus -->
  <testcase classname="com.org.orageHrm.test.LoginPageTest" name="@AfterClass tearDown" time="-1.644776380598E9">
    <skipped/>
  </testcase> <!-- @AfterClass tearDown -->
  <testcase classname="com.org.orageHrm.test.LoginPageTest" name="checkForgotPasswordLink" time="0.0">
    <skipped/>
  </testcase> <!-- checkForgotPasswordLink -->
  <testcase classname="com.org.orageHrm.test.LoginPageTest" name="checkLogin" time="0.0">
    <skipped/>
  </testcase> <!-- checkLogin -->
</testsuite> <!-- Test -->
